\BOOKMARK [0][]{chapter*.1}{\376\377\000P\000r\000e\000f\000a\000c\000e}{}% 1
\BOOKMARK [0][]{chapter*.2}{\376\377\000H\000o\000w\000\040\000t\000o\000\040\000U\000s\000e\000\040\000T\000h\000i\000s\000\040\000B\000o\000o\000k}{}% 2
\BOOKMARK [-1][]{part.1}{\376\377\000I\000\040\000G\000e\000t\000t\000i\000n\000g\000\040\000S\000t\000a\000r\000t\000e\000d\000\040\000w\000i\000t\000h\000\040\000C\000o\000m\000p\000u\000t\000e\000r\000s}{}% 3
\BOOKMARK [0][]{chapter.1}{\376\377\000I\000n\000t\000r\000o\000d\000u\000c\000t\000i\000o\000n\000\040\000t\000o\000\040\000C\000o\000m\000p\000u\000t\000e\000r\000s}{part.1}% 4
\BOOKMARK [1][]{section.1.1}{\376\377\000W\000h\000a\000t\000\040\000I\000s\000\040\000a\000\040\000C\000o\000m\000p\000u\000t\000e\000r\000?}{chapter.1}% 5
\BOOKMARK [1][]{section.1.2}{\376\377\000C\000h\000a\000r\000a\000c\000t\000e\000r\000i\000s\000t\000i\000c\000s\000\040\000o\000f\000\040\000a\000\040\000C\000o\000m\000p\000u\000t\000e\000r}{chapter.1}% 6
\BOOKMARK [1][]{section.1.3}{\376\377\000C\000o\000m\000p\000u\000t\000e\000r\000s\000\040\000i\000n\000\040\000D\000a\000i\000l\000y\000\040\000L\000i\000f\000e}{chapter.1}% 7
\BOOKMARK [1][]{section.1.4}{\376\377\000D\000a\000t\000a\000\040\000a\000n\000d\000\040\000I\000n\000f\000o\000r\000m\000a\000t\000i\000o\000n}{chapter.1}% 8
\BOOKMARK [0][]{chapter.2}{\376\377\000P\000a\000r\000t\000s\000\040\000o\000f\000\040\000a\000\040\000C\000o\000m\000p\000u\000t\000e\000r}{part.1}% 9
\BOOKMARK [1][]{section.2.1}{\376\377\000T\000h\000e\000\040\000C\000o\000m\000p\000u\000t\000e\000r\000\040\000S\000y\000s\000t\000e\000m}{chapter.2}% 10
\BOOKMARK [1][]{section.2.2}{\376\377\000H\000a\000r\000d\000w\000a\000r\000e\000\040\000v\000s\000\040\000S\000o\000f\000t\000w\000a\000r\000e}{chapter.2}% 11
\BOOKMARK [1][]{section.2.3}{\376\377\000I\000n\000p\000u\000t\000\040\000a\000n\000d\000\040\000O\000u\000t\000p\000u\000t\000\040\000D\000e\000v\000i\000c\000e\000s}{chapter.2}% 12
\BOOKMARK [1][]{section.2.4}{\376\377\000T\000h\000e\000\040\000C\000P\000U\000\040\040\024\000\040\000T\000h\000e\000\040\000B\000r\000a\000i\000n}{chapter.2}% 13
\BOOKMARK [0][]{chapter.3}{\376\377\000T\000y\000p\000e\000s\000\040\000o\000f\000\040\000C\000o\000m\000p\000u\000t\000e\000r\000s}{part.1}% 14
\BOOKMARK [1][]{section.3.1}{\376\377\000D\000i\000f\000f\000e\000r\000e\000n\000t\000\040\000T\000y\000p\000e\000s\000\040\000o\000f\000\040\000C\000o\000m\000p\000u\000t\000e\000r\000s}{chapter.3}% 15
\BOOKMARK [1][]{section.3.2}{\376\377\000C\000o\000m\000p\000a\000r\000i\000n\000g\000\040\000C\000o\000m\000p\000u\000t\000e\000r\000\040\000T\000y\000p\000e\000s}{chapter.3}% 16
\BOOKMARK [1][]{section.3.3}{\376\377\000W\000h\000i\000c\000h\000\040\000C\000o\000m\000p\000u\000t\000e\000r\000\040\000S\000h\000o\000u\000l\000d\000\040\000Y\000o\000u\000\040\000U\000s\000e\000?}{chapter.3}% 17
\BOOKMARK [0][]{chapter.4}{\376\377\000B\000a\000s\000i\000c\000s\000\040\000o\000f\000\040\000S\000o\000f\000t\000w\000a\000r\000e}{part.1}% 18
\BOOKMARK [1][]{section.4.1}{\376\377\000W\000h\000a\000t\000\040\000I\000s\000\040\000S\000o\000f\000t\000w\000a\000r\000e\000?}{chapter.4}% 19
\BOOKMARK [1][]{section.4.2}{\376\377\000T\000y\000p\000e\000s\000\040\000o\000f\000\040\000S\000o\000f\000t\000w\000a\000r\000e}{chapter.4}% 20
\BOOKMARK [2][]{subsection.4.2.1}{\376\377\000S\000y\000s\000t\000e\000m\000\040\000S\000o\000f\000t\000w\000a\000r\000e}{section.4.2}% 21
\BOOKMARK [2][]{subsection.4.2.2}{\376\377\000A\000p\000p\000l\000i\000c\000a\000t\000i\000o\000n\000\040\000S\000o\000f\000t\000w\000a\000r\000e}{section.4.2}% 22
\BOOKMARK [1][]{section.4.3}{\376\377\000H\000a\000r\000d\000w\000a\000r\000e\000\040\000+\000\040\000S\000o\000f\000t\000w\000a\000r\000e\000\040\000=\000\040\000A\000\040\000W\000o\000r\000k\000i\000n\000g\000\040\000C\000o\000m\000p\000u\000t\000e\000r\000!}{chapter.4}% 23
\BOOKMARK [1][]{section.4.4}{\376\377\000C\000o\000m\000m\000o\000n\000\040\000S\000o\000f\000t\000w\000a\000r\000e\000\040\000E\000x\000a\000m\000p\000l\000e\000s}{chapter.4}% 24
\BOOKMARK [0][]{chapter.5}{\376\377\000C\000o\000m\000p\000u\000t\000e\000r\000\040\000L\000a\000b\000\040\000R\000u\000l\000e\000s\000\040\000\046\000\040\000S\000a\000f\000e\000t\000y}{part.1}% 25
\BOOKMARK [1][]{section.5.1}{\376\377\000W\000h\000y\000\040\000D\000o\000\040\000W\000e\000\040\000N\000e\000e\000d\000\040\000L\000a\000b\000\040\000R\000u\000l\000e\000s\000?}{chapter.5}% 26
\BOOKMARK [1][]{section.5.2}{\376\377\000C\000o\000r\000r\000e\000c\000t\000\040\000S\000i\000t\000t\000i\000n\000g\000\040\000P\000o\000s\000t\000u\000r\000e}{chapter.5}% 27
\BOOKMARK [1][]{section.5.3}{\376\377\000L\000a\000b\000\040\000R\000u\000l\000e\000s\000\040\000E\000v\000e\000r\000y\000o\000n\000e\000\040\000M\000u\000s\000t\000\040\000F\000o\000l\000l\000o\000w}{chapter.5}% 28
\BOOKMARK [0][]{chapter.6}{\376\377\000P\000a\000r\000t\000\040\000I\000\040\040\024\000\040\000H\000a\000n\000d\000s\000-\000O\000n\000\040\000P\000r\000a\000c\000t\000i\000c\000a\000l\000s}{part.1}% 29
\BOOKMARK [-1][]{part.2}{\376\377\000I\000I\000\040\000W\000i\000n\000d\000o\000w\000s\000\040\000O\000p\000e\000r\000a\000t\000i\000n\000g\000\040\000S\000y\000s\000t\000e\000m}{}% 30
\BOOKMARK [0][]{chapter.7}{\376\377\000I\000n\000t\000r\000o\000d\000u\000c\000t\000i\000o\000n\000\040\000t\000o\000\040\000O\000p\000e\000r\000a\000t\000i\000n\000g\000\040\000S\000y\000s\000t\000e\000m\000s}{part.2}% 31
\BOOKMARK [1][]{section.7.1}{\376\377\000W\000h\000a\000t\000\040\000I\000s\000\040\000a\000n\000\040\000O\000p\000e\000r\000a\000t\000i\000n\000g\000\040\000S\000y\000s\000t\000e\000m\000?}{chapter.7}% 32
\BOOKMARK [1][]{section.7.2}{\376\377\000A\000\040\000B\000r\000i\000e\000f\000\040\000H\000i\000s\000t\000o\000r\000y\000\040\000o\000f\000\040\000W\000i\000n\000d\000o\000w\000s}{chapter.7}% 33
\BOOKMARK [1][]{section.7.3}{\376\377\000F\000u\000n\000c\000t\000i\000o\000n\000s\000\040\000o\000f\000\040\000a\000n\000\040\000O\000p\000e\000r\000a\000t\000i\000n\000g\000\040\000S\000y\000s\000t\000e\000m}{chapter.7}% 34
\BOOKMARK [0][]{chapter.8}{\376\377\000S\000t\000a\000r\000t\000i\000n\000g\000\040\000a\000n\000d\000\040\000S\000h\000u\000t\000t\000i\000n\000g\000\040\000D\000o\000w\000n\000\040\000W\000i\000n\000d\000o\000w\000s}{part.2}% 35
\BOOKMARK [1][]{section.8.1}{\376\377\000T\000h\000e\000\040\000B\000o\000o\000t\000\040\000P\000r\000o\000c\000e\000s\000s}{chapter.8}% 36
\BOOKMARK [1][]{section.8.2}{\376\377\000S\000h\000u\000t\000d\000o\000w\000n\000\040\000O\000p\000t\000i\000o\000n\000s}{chapter.8}% 37
\BOOKMARK [0][]{chapter.9}{\376\377\000W\000i\000n\000d\000o\000w\000s\000\040\000D\000e\000s\000k\000t\000o\000p\000\040\000E\000n\000v\000i\000r\000o\000n\000m\000e\000n\000t}{part.2}% 38
\BOOKMARK [1][]{section.9.1}{\376\377\000T\000h\000e\000\040\000W\000i\000n\000d\000o\000w\000s\000\040\000D\000e\000s\000k\000t\000o\000p}{chapter.9}% 39
\BOOKMARK [0][]{chapter.10}{\376\377\000F\000i\000l\000e\000\040\000a\000n\000d\000\040\000F\000o\000l\000d\000e\000r\000\040\000M\000a\000n\000a\000g\000e\000m\000e\000n\000t}{part.2}% 40
\BOOKMARK [1][]{section.10.1}{\376\377\000W\000h\000a\000t\000\040\000A\000r\000e\000\040\000F\000i\000l\000e\000s\000\040\000a\000n\000d\000\040\000F\000o\000l\000d\000e\000r\000s\000?}{chapter.10}% 41
\BOOKMARK [1][]{section.10.2}{\376\377\000F\000i\000l\000e\000\040\000O\000p\000e\000r\000a\000t\000i\000o\000n\000s}{chapter.10}% 42
\BOOKMARK [1][]{section.10.3}{\376\377\000F\000i\000l\000e\000\040\000N\000a\000m\000i\000n\000g\000\040\000R\000u\000l\000e\000s}{chapter.10}% 43
\BOOKMARK [0][]{chapter.11}{\376\377\000U\000s\000i\000n\000g\000\040\000W\000i\000n\000d\000o\000w\000s\000\040\000A\000p\000p\000l\000i\000c\000a\000t\000i\000o\000n\000s}{part.2}% 44
\BOOKMARK [1][]{section.11.1}{\376\377\000B\000u\000i\000l\000t\000-\000I\000n\000\040\000W\000i\000n\000d\000o\000w\000s\000\040\000A\000p\000p\000l\000i\000c\000a\000t\000i\000o\000n\000s}{chapter.11}% 45
\BOOKMARK [1][]{section.11.2}{\376\377\000U\000n\000d\000e\000r\000s\000t\000a\000n\000d\000i\000n\000g\000\040\000A\000p\000p\000l\000i\000c\000a\000t\000i\000o\000n\000\040\000W\000i\000n\000d\000o\000w\000s}{chapter.11}% 46
\BOOKMARK [0][]{chapter.12}{\376\377\000C\000o\000n\000t\000r\000o\000l\000\040\000P\000a\000n\000e\000l\000\040\000a\000n\000d\000\040\000S\000e\000t\000t\000i\000n\000g\000s}{part.2}% 47
\BOOKMARK [1][]{section.12.1}{\376\377\000S\000e\000t\000t\000i\000n\000g\000s\000\040\000v\000s\000\040\000C\000o\000n\000t\000r\000o\000l\000\040\000P\000a\000n\000e\000l}{chapter.12}% 48
\BOOKMARK [1][]{section.12.2}{\376\377\000C\000o\000m\000m\000o\000n\000\040\000S\000e\000t\000t\000i\000n\000g\000s\000\040\000Y\000o\000u\000\040\000C\000a\000n\000\040\000C\000h\000a\000n\000g\000e}{chapter.12}% 49
\BOOKMARK [0][]{chapter.13}{\376\377\000S\000t\000o\000r\000a\000g\000e\000\040\000D\000e\000v\000i\000c\000e\000s}{part.2}% 50
\BOOKMARK [1][]{section.13.1}{\376\377\000T\000y\000p\000e\000s\000\040\000o\000f\000\040\000S\000t\000o\000r\000a\000g\000e}{chapter.13}% 51
\BOOKMARK [1][]{section.13.2}{\376\377\000C\000l\000o\000u\000d\000\040\000S\000t\000o\000r\000a\000g\000e}{chapter.13}% 52
\BOOKMARK [0][]{chapter.14}{\376\377\000C\000o\000n\000n\000e\000c\000t\000i\000n\000g\000\040\000t\000o\000\040\000t\000h\000e\000\040\000I\000n\000t\000e\000r\000n\000e\000t}{part.2}% 53
\BOOKMARK [1][]{section.14.1}{\376\377\000T\000y\000p\000e\000s\000\040\000o\000f\000\040\000I\000n\000t\000e\000r\000n\000e\000t\000\040\000C\000o\000n\000n\000e\000c\000t\000i\000o\000n\000s}{chapter.14}% 54
\BOOKMARK [1][]{section.14.2}{\376\377\000C\000o\000n\000n\000e\000c\000t\000i\000n\000g\000\040\000t\000o\000\040\000W\000i\000-\000F\000i}{chapter.14}% 55
\BOOKMARK [0][]{chapter.15}{\376\377\000C\000o\000m\000p\000u\000t\000e\000r\000\040\000S\000e\000c\000u\000r\000i\000t\000y\000\040\000B\000a\000s\000i\000c\000s}{part.2}% 56
\BOOKMARK [1][]{section.15.1}{\376\377\000W\000h\000y\000\040\000S\000e\000c\000u\000r\000i\000t\000y\000\040\000M\000a\000t\000t\000e\000r\000s}{chapter.15}% 57
\BOOKMARK [1][]{section.15.2}{\376\377\000P\000a\000s\000s\000w\000o\000r\000d\000\040\000S\000t\000r\000e\000n\000g\000t\000h}{chapter.15}% 58
\BOOKMARK [1][]{section.15.3}{\376\377\000C\000o\000m\000m\000o\000n\000\040\000T\000h\000r\000e\000a\000t\000s}{chapter.15}% 59
\BOOKMARK [0][]{chapter.16}{\376\377\000B\000a\000s\000i\000c\000\040\000T\000r\000o\000u\000b\000l\000e\000s\000h\000o\000o\000t\000i\000n\000g}{part.2}% 60
\BOOKMARK [1][]{section.16.1}{\376\377\000T\000h\000e\000\040\000T\000r\000o\000u\000b\000l\000e\000s\000h\000o\000o\000t\000i\000n\000g\000\040\000F\000l\000o\000w\000c\000h\000a\000r\000t}{chapter.16}% 61
\BOOKMARK [1][]{section.16.2}{\376\377\000C\000o\000m\000m\000o\000n\000\040\000P\000r\000o\000b\000l\000e\000m\000s\000\040\000a\000n\000d\000\040\000F\000i\000x\000e\000s}{chapter.16}% 62
\BOOKMARK [0][]{chapter.17}{\376\377\000P\000a\000r\000t\000\040\000I\000I\000\040\040\024\000\040\000H\000a\000n\000d\000s\000-\000O\000n\000\040\000P\000r\000a\000c\000t\000i\000c\000a\000l\000s}{part.2}% 63
\BOOKMARK [-1][]{part.3}{\376\377\000I\000I\000I\000\040\000C\000o\000m\000p\000u\000t\000e\000r\000\040\000B\000a\000s\000i\000c\000s\000\040\000a\000n\000d\000\040\000S\000h\000o\000r\000t\000c\000u\000t\000s}{}% 64
\BOOKMARK [0][]{chapter.18}{\376\377\000A\000d\000v\000a\000n\000c\000e\000d\000\040\000C\000o\000m\000p\000u\000t\000e\000r\000\040\000C\000o\000n\000c\000e\000p\000t\000s}{part.3}% 65
\BOOKMARK [1][]{section.18.1}{\376\377\000C\000o\000m\000p\000u\000t\000e\000r\000s\000\040\000i\000n\000\040\000t\000h\000e\000\040\000R\000e\000a\000l\000\040\000W\000o\000r\000l\000d}{chapter.18}% 66
\BOOKMARK [1][]{section.18.2}{\376\377\000T\000h\000e\000\040\000I\000P\000O\000\040\000C\000y\000c\000l\000e\000\040\000R\000e\000v\000i\000s\000i\000t\000e\000d}{chapter.18}% 67
\BOOKMARK [0][]{chapter.19}{\376\377\000H\000a\000r\000d\000w\000a\000r\000e\000\040\000i\000n\000\040\000D\000e\000t\000a\000i\000l}{part.3}% 68
\BOOKMARK [1][]{section.19.1}{\376\377\000I\000n\000s\000i\000d\000e\000\040\000t\000h\000e\000\040\000C\000P\000U}{chapter.19}% 69
\BOOKMARK [1][]{section.19.2}{\376\377\000R\000A\000M\000\040\000v\000s\000\040\000R\000O\000M}{chapter.19}% 70
\BOOKMARK [0][]{chapter.20}{\376\377\000S\000o\000f\000t\000w\000a\000r\000e\000\040\000i\000n\000\040\000D\000e\000t\000a\000i\000l}{part.3}% 71
\BOOKMARK [1][]{section.20.1}{\376\377\000S\000y\000s\000t\000e\000m\000\040\000S\000o\000f\000t\000w\000a\000r\000e\000\040\000R\000e\000v\000i\000s\000i\000t\000e\000d}{chapter.20}% 72
\BOOKMARK [1][]{section.20.2}{\376\377\000A\000p\000p\000l\000i\000c\000a\000t\000i\000o\000n\000\040\000S\000o\000f\000t\000w\000a\000r\000e\000\040\000C\000a\000t\000e\000g\000o\000r\000i\000e\000s}{chapter.20}% 73
\BOOKMARK [1][]{section.20.3}{\376\377\000O\000p\000e\000n\000\040\000S\000o\000u\000r\000c\000e\000\040\000v\000s\000\040\000P\000r\000o\000p\000r\000i\000e\000t\000a\000r\000y}{chapter.20}% 74
\BOOKMARK [0][]{chapter.21}{\376\377\000O\000p\000e\000r\000a\000t\000i\000n\000g\000\040\000S\000y\000s\000t\000e\000m\000s\000\040\000i\000n\000\040\000D\000e\000p\000t\000h}{part.3}% 75
\BOOKMARK [1][]{section.21.1}{\376\377\000C\000o\000m\000p\000a\000r\000i\000n\000g\000\040\000O\000p\000e\000r\000a\000t\000i\000n\000g\000\040\000S\000y\000s\000t\000e\000m\000s}{chapter.21}% 76
\BOOKMARK [1][]{section.21.2}{\376\377\000M\000u\000l\000t\000i\000t\000a\000s\000k\000i\000n\000g}{chapter.21}% 77
\BOOKMARK [1][]{section.21.3}{\376\377\000G\000U\000I\000\040\040\024\000\040\000G\000r\000a\000p\000h\000i\000c\000a\000l\000\040\000U\000s\000e\000r\000\040\000I\000n\000t\000e\000r\000f\000a\000c\000e}{chapter.21}% 78
\BOOKMARK [0][]{chapter.22}{\376\377\000A\000d\000v\000a\000n\000c\000e\000d\000\040\000F\000i\000l\000e\000\040\000M\000a\000n\000a\000g\000e\000m\000e\000n\000t}{part.3}% 79
\BOOKMARK [1][]{section.22.1}{\376\377\000F\000i\000l\000e\000\040\000E\000x\000t\000e\000n\000s\000i\000o\000n\000s}{chapter.22}% 80
\BOOKMARK [1][]{section.22.2}{\376\377\000S\000e\000a\000r\000c\000h\000i\000n\000g\000\040\000f\000o\000r\000\040\000F\000i\000l\000e\000s}{chapter.22}% 81
\BOOKMARK [1][]{section.22.3}{\376\377\000C\000o\000m\000p\000r\000e\000s\000s\000i\000n\000g\000\040\000\050\000Z\000i\000p\000p\000i\000n\000g\000\051\000\040\000F\000i\000l\000e\000s}{chapter.22}% 82
\BOOKMARK [0][]{chapter.23}{\376\377\000K\000e\000y\000b\000o\000a\000r\000d\000\040\000a\000n\000d\000\040\000M\000o\000u\000s\000e\000\040\000S\000k\000i\000l\000l\000s}{part.3}% 83
\BOOKMARK [1][]{section.23.1}{\376\377\000T\000h\000e\000\040\000K\000e\000y\000b\000o\000a\000r\000d\000\040\000L\000a\000y\000o\000u\000t}{chapter.23}% 84
\BOOKMARK [1][]{section.23.2}{\376\377\000M\000o\000u\000s\000e\000\040\000A\000n\000a\000t\000o\000m\000y\000\040\000a\000n\000d\000\040\000A\000c\000t\000i\000o\000n\000s}{chapter.23}% 85
\BOOKMARK [0][]{chapter.24}{\376\377\000K\000e\000y\000b\000o\000a\000r\000d\000\040\000S\000h\000o\000r\000t\000c\000u\000t\000s}{part.3}% 86
\BOOKMARK [1][]{section.24.1}{\376\377\000W\000h\000y\000\040\000U\000s\000e\000\040\000S\000h\000o\000r\000t\000c\000u\000t\000s\000?}{chapter.24}% 87
\BOOKMARK [1][]{section.24.2}{\376\377\000E\000s\000s\000e\000n\000t\000i\000a\000l\000\040\000S\000h\000o\000r\000t\000c\000u\000t\000s\000\040\000C\000h\000e\000a\000t\000\040\000S\000h\000e\000e\000t}{chapter.24}% 88
\BOOKMARK [1][]{section.24.3}{\376\377\000S\000h\000o\000r\000t\000c\000u\000t\000s\000\040\000S\000a\000v\000e\000\040\000T\000i\000m\000e}{chapter.24}% 89
\BOOKMARK [0][]{chapter.25}{\376\377\000P\000a\000r\000t\000\040\000I\000I\000I\000\040\040\024\000\040\000H\000a\000n\000d\000s\000-\000O\000n\000\040\000P\000r\000a\000c\000t\000i\000c\000a\000l\000s}{part.3}% 90
\BOOKMARK [-1][]{part.4}{\376\377\000I\000V\000\040\000M\000i\000c\000r\000o\000s\000o\000f\000t\000\040\000W\000o\000r\000d}{}% 91
\BOOKMARK [0][]{chapter.26}{\376\377\000I\000n\000t\000r\000o\000d\000u\000c\000t\000i\000o\000n\000\040\000t\000o\000\040\000M\000S\000\040\000W\000o\000r\000d}{part.4}% 92
\BOOKMARK [1][]{section.26.1}{\376\377\000T\000h\000e\000\040\000M\000S\000\040\000W\000o\000r\000d\000\040\000W\000i\000n\000d\000o\000w}{chapter.26}% 93
\BOOKMARK [1][]{section.26.2}{\376\377\000C\000r\000e\000a\000t\000i\000n\000g\000\040\000a\000n\000d\000\040\000S\000a\000v\000i\000n\000g\000\040\000D\000o\000c\000u\000m\000e\000n\000t\000s}{chapter.26}% 94
\BOOKMARK [0][]{chapter.27}{\376\377\000E\000d\000i\000t\000i\000n\000g\000\040\000T\000e\000x\000t\000\040\000i\000n\000\040\000M\000S\000\040\000W\000o\000r\000d}{part.4}% 95
\BOOKMARK [1][]{section.27.1}{\376\377\000S\000e\000l\000e\000c\000t\000i\000n\000g\000\040\000T\000e\000x\000t}{chapter.27}% 96
\BOOKMARK [1][]{section.27.2}{\376\377\000C\000o\000p\000y\000,\000\040\000C\000u\000t\000,\000\040\000a\000n\000d\000\040\000P\000a\000s\000t\000e}{chapter.27}% 97
\BOOKMARK [1][]{section.27.3}{\376\377\000F\000i\000n\000d\000\040\000a\000n\000d\000\040\000R\000e\000p\000l\000a\000c\000e}{chapter.27}% 98
\BOOKMARK [1][]{section.27.4}{\376\377\000S\000p\000e\000l\000l\000\040\000C\000h\000e\000c\000k}{chapter.27}% 99
\BOOKMARK [0][]{chapter.28}{\376\377\000F\000o\000r\000m\000a\000t\000t\000i\000n\000g\000\040\000i\000n\000\040\000M\000S\000\040\000W\000o\000r\000d}{part.4}% 100
\BOOKMARK [1][]{section.28.1}{\376\377\000F\000o\000n\000t\000\040\000F\000o\000r\000m\000a\000t\000t\000i\000n\000g}{chapter.28}% 101
\BOOKMARK [1][]{section.28.2}{\376\377\000T\000e\000x\000t\000\040\000A\000l\000i\000g\000n\000m\000e\000n\000t}{chapter.28}% 102
\BOOKMARK [1][]{section.28.3}{\376\377\000L\000i\000n\000e\000\040\000S\000p\000a\000c\000i\000n\000g}{chapter.28}% 103
\BOOKMARK [1][]{section.28.4}{\376\377\000L\000i\000s\000t\000s}{chapter.28}% 104
\BOOKMARK [0][]{chapter.29}{\376\377\000I\000n\000s\000e\000r\000t\000i\000n\000g\000\040\000E\000l\000e\000m\000e\000n\000t\000s}{part.4}% 105
\BOOKMARK [1][]{section.29.1}{\376\377\000I\000n\000s\000e\000r\000t\000i\000n\000g\000\040\000T\000a\000b\000l\000e\000s}{chapter.29}% 106
\BOOKMARK [1][]{section.29.2}{\376\377\000I\000n\000s\000e\000r\000t\000i\000n\000g\000\040\000P\000i\000c\000t\000u\000r\000e\000s\000\040\000a\000n\000d\000\040\000S\000h\000a\000p\000e\000s}{chapter.29}% 107
\BOOKMARK [1][]{section.29.3}{\376\377\000H\000e\000a\000d\000e\000r\000s\000,\000\040\000F\000o\000o\000t\000e\000r\000s\000,\000\040\000a\000n\000d\000\040\000P\000a\000g\000e\000\040\000N\000u\000m\000b\000e\000r\000s}{chapter.29}% 108
\BOOKMARK [0][]{chapter.30}{\376\377\000P\000a\000g\000e\000\040\000L\000a\000y\000o\000u\000t\000\040\000a\000n\000d\000\040\000P\000r\000i\000n\000t\000i\000n\000g}{part.4}% 109
\BOOKMARK [1][]{section.30.1}{\376\377\000P\000o\000r\000t\000r\000a\000i\000t\000\040\000v\000s\000\040\000L\000a\000n\000d\000s\000c\000a\000p\000e}{chapter.30}% 110
\BOOKMARK [1][]{section.30.2}{\376\377\000M\000a\000r\000g\000i\000n\000s}{chapter.30}% 111
\BOOKMARK [1][]{section.30.3}{\376\377\000P\000r\000i\000n\000t\000i\000n\000g\000\040\000a\000\040\000D\000o\000c\000u\000m\000e\000n\000t}{chapter.30}% 112
\BOOKMARK [0][]{chapter.31}{\376\377\000P\000a\000r\000t\000\040\000I\000V\000\040\040\024\000\040\000H\000a\000n\000d\000s\000-\000O\000n\000\040\000P\000r\000a\000c\000t\000i\000c\000a\000l\000s}{part.4}% 113
\BOOKMARK [-1][]{part.5}{\376\377\000V\000\040\000M\000i\000c\000r\000o\000s\000o\000f\000t\000\040\000E\000x\000c\000e\000l}{}% 114
\BOOKMARK [0][]{chapter.32}{\376\377\000I\000n\000t\000r\000o\000d\000u\000c\000t\000i\000o\000n\000\040\000t\000o\000\040\000M\000S\000\040\000E\000x\000c\000e\000l}{part.5}% 115
\BOOKMARK [1][]{section.32.1}{\376\377\000T\000h\000e\000\040\000E\000x\000c\000e\000l\000\040\000W\000i\000n\000d\000o\000w}{chapter.32}% 116
\BOOKMARK [1][]{section.32.2}{\376\377\000U\000n\000d\000e\000r\000s\000t\000a\000n\000d\000i\000n\000g\000\040\000C\000e\000l\000l\000\040\000A\000d\000d\000r\000e\000s\000s\000e\000s}{chapter.32}% 117
\BOOKMARK [0][]{chapter.33}{\376\377\000W\000o\000r\000k\000i\000n\000g\000\040\000w\000i\000t\000h\000\040\000W\000o\000r\000k\000s\000h\000e\000e\000t\000s}{part.5}% 118
\BOOKMARK [1][]{section.33.1}{\376\377\000M\000a\000n\000a\000g\000i\000n\000g\000\040\000W\000o\000r\000k\000s\000h\000e\000e\000t\000s}{chapter.33}% 119
\BOOKMARK [1][]{section.33.2}{\376\377\000E\000n\000t\000e\000r\000i\000n\000g\000\040\000D\000a\000t\000a}{chapter.33}% 120
\BOOKMARK [1][]{section.33.3}{\376\377\000A\000u\000t\000o\000F\000i\000l\000l}{chapter.33}% 121
\BOOKMARK [0][]{chapter.34}{\376\377\000F\000o\000r\000m\000a\000t\000t\000i\000n\000g\000\040\000i\000n\000\040\000E\000x\000c\000e\000l}{part.5}% 122
\BOOKMARK [1][]{section.34.1}{\376\377\000C\000e\000l\000l\000\040\000F\000o\000r\000m\000a\000t\000t\000i\000n\000g}{chapter.34}% 123
\BOOKMARK [1][]{section.34.2}{\376\377\000N\000u\000m\000b\000e\000r\000\040\000F\000o\000r\000m\000a\000t\000s}{chapter.34}% 124
\BOOKMARK [1][]{section.34.3}{\376\377\000M\000e\000r\000g\000i\000n\000g\000\040\000C\000e\000l\000l\000s}{chapter.34}% 125
\BOOKMARK [0][]{chapter.35}{\376\377\000F\000o\000r\000m\000u\000l\000a\000s\000\040\000a\000n\000d\000\040\000F\000u\000n\000c\000t\000i\000o\000n\000s}{part.5}% 126
\BOOKMARK [1][]{section.35.1}{\376\377\000W\000r\000i\000t\000i\000n\000g\000\040\000F\000o\000r\000m\000u\000l\000a\000s}{chapter.35}% 127
\BOOKMARK [1][]{section.35.2}{\376\377\000E\000s\000s\000e\000n\000t\000i\000a\000l\000\040\000F\000u\000n\000c\000t\000i\000o\000n\000s}{chapter.35}% 128
\BOOKMARK [1][]{section.35.3}{\376\377\000T\000h\000e\000\040\000F\000i\000l\000l\000\040\000H\000a\000n\000d\000l\000e}{chapter.35}% 129
\BOOKMARK [0][]{chapter.36}{\376\377\000C\000h\000a\000r\000t\000s\000\040\000a\000n\000d\000\040\000D\000a\000t\000a\000\040\000M\000a\000n\000a\000g\000e\000m\000e\000n\000t}{part.5}% 130
\BOOKMARK [1][]{section.36.1}{\376\377\000T\000y\000p\000e\000s\000\040\000o\000f\000\040\000C\000h\000a\000r\000t\000s}{chapter.36}% 131
\BOOKMARK [1][]{section.36.2}{\376\377\000S\000o\000r\000t\000i\000n\000g\000\040\000D\000a\000t\000a}{chapter.36}% 132
\BOOKMARK [0][]{chapter.37}{\376\377\000P\000a\000r\000t\000\040\000V\000\040\040\024\000\040\000H\000a\000n\000d\000s\000-\000O\000n\000\040\000P\000r\000a\000c\000t\000i\000c\000a\000l\000s}{part.5}% 133
\BOOKMARK [-1][]{part.6}{\376\377\000V\000I\000\040\000M\000i\000c\000r\000o\000s\000o\000f\000t\000\040\000P\000o\000w\000e\000r\000P\000o\000i\000n\000t}{}% 134
\BOOKMARK [0][]{chapter.38}{\376\377\000I\000n\000t\000r\000o\000d\000u\000c\000t\000i\000o\000n\000\040\000t\000o\000\040\000M\000S\000\040\000P\000o\000w\000e\000r\000P\000o\000i\000n\000t}{part.6}% 135
\BOOKMARK [1][]{section.38.1}{\376\377\000T\000h\000e\000\040\000P\000o\000w\000e\000r\000P\000o\000i\000n\000t\000\040\000W\000i\000n\000d\000o\000w}{chapter.38}% 136
\BOOKMARK [1][]{section.38.2}{\376\377\000C\000r\000e\000a\000t\000i\000n\000g\000\040\000a\000\040\000P\000r\000e\000s\000e\000n\000t\000a\000t\000i\000o\000n}{chapter.38}% 137
\BOOKMARK [0][]{chapter.39}{\376\377\000D\000e\000s\000i\000g\000n\000i\000n\000g\000\040\000S\000l\000i\000d\000e\000s}{part.6}% 138
\BOOKMARK [1][]{section.39.1}{\376\377\000A\000d\000d\000i\000n\000g\000\040\000C\000o\000n\000t\000e\000n\000t\000\040\000t\000o\000\040\000S\000l\000i\000d\000e\000s}{chapter.39}% 139
\BOOKMARK [1][]{section.39.2}{\376\377\000G\000o\000o\000d\000\040\000S\000l\000i\000d\000e\000\040\000D\000e\000s\000i\000g\000n\000\040\000R\000u\000l\000e\000s}{chapter.39}% 140
\BOOKMARK [0][]{chapter.40}{\376\377\000T\000r\000a\000n\000s\000i\000t\000i\000o\000n\000s\000\040\000a\000n\000d\000\040\000A\000n\000i\000m\000a\000t\000i\000o\000n\000s}{part.6}% 141
\BOOKMARK [1][]{section.40.1}{\376\377\000T\000r\000a\000n\000s\000i\000t\000i\000o\000n\000s\000\040\000v\000s\000\040\000A\000n\000i\000m\000a\000t\000i\000o\000n\000s}{chapter.40}% 142
\BOOKMARK [1][]{section.40.2}{\376\377\000A\000d\000d\000i\000n\000g\000\040\000T\000r\000a\000n\000s\000i\000t\000i\000o\000n\000s}{chapter.40}% 143
\BOOKMARK [1][]{section.40.3}{\376\377\000A\000d\000d\000i\000n\000g\000\040\000A\000n\000i\000m\000a\000t\000i\000o\000n\000s}{chapter.40}% 144
\BOOKMARK [1][]{section.40.4}{\376\377\000R\000u\000n\000n\000i\000n\000g\000\040\000a\000\040\000S\000l\000i\000d\000e\000s\000h\000o\000w}{chapter.40}% 145
\BOOKMARK [0][]{chapter.41}{\376\377\000P\000a\000r\000t\000\040\000V\000I\000\040\040\024\000\040\000H\000a\000n\000d\000s\000-\000O\000n\000\040\000P\000r\000a\000c\000t\000i\000c\000a\000l\000s}{part.6}% 146
\BOOKMARK [-1][]{part.7}{\376\377\000V\000I\000I\000\040\000T\000h\000e\000\040\000I\000n\000t\000e\000r\000n\000e\000t\000\040\000a\000n\000d\000\040\000t\000h\000e\000\040\000W\000e\000b}{}% 147
\BOOKMARK [0][]{chapter.42}{\376\377\000H\000o\000w\000\040\000t\000h\000e\000\040\000I\000n\000t\000e\000r\000n\000e\000t\000\040\000W\000o\000r\000k\000s}{part.7}% 148
\BOOKMARK [1][]{section.42.1}{\376\377\000W\000h\000a\000t\000\040\000I\000s\000\040\000t\000h\000e\000\040\000I\000n\000t\000e\000r\000n\000e\000t\000?}{chapter.42}% 149
\BOOKMARK [1][]{section.42.2}{\376\377\000I\000n\000t\000e\000r\000n\000e\000t\000\040\000v\000s\000\040\000W\000o\000r\000l\000d\000\040\000W\000i\000d\000e\000\040\000W\000e\000b}{chapter.42}% 150
\BOOKMARK [1][]{section.42.3}{\376\377\000U\000n\000d\000e\000r\000s\000t\000a\000n\000d\000i\000n\000g\000\040\000U\000R\000L\000s}{chapter.42}% 151
\BOOKMARK [0][]{chapter.43}{\376\377\000W\000e\000b\000\040\000B\000r\000o\000w\000s\000i\000n\000g\000\040\000a\000n\000d\000\040\000S\000e\000a\000r\000c\000h\000i\000n\000g}{part.7}% 152
\BOOKMARK [1][]{section.43.1}{\376\377\000U\000s\000i\000n\000g\000\040\000a\000\040\000W\000e\000b\000\040\000B\000r\000o\000w\000s\000e\000r}{chapter.43}% 153
\BOOKMARK [1][]{section.43.2}{\376\377\000S\000e\000a\000r\000c\000h\000i\000n\000g\000\040\000E\000f\000f\000e\000c\000t\000i\000v\000e\000l\000y}{chapter.43}% 154
\BOOKMARK [1][]{section.43.3}{\376\377\000E\000v\000a\000l\000u\000a\000t\000i\000n\000g\000\040\000W\000e\000b\000s\000i\000t\000e\000s}{chapter.43}% 155
\BOOKMARK [0][]{chapter.44}{\376\377\000E\000m\000a\000i\000l\000\040\000a\000n\000d\000\040\000O\000n\000l\000i\000n\000e\000\040\000C\000o\000m\000m\000u\000n\000i\000c\000a\000t\000i\000o\000n}{part.7}% 156
\BOOKMARK [1][]{section.44.1}{\376\377\000W\000h\000a\000t\000\040\000I\000s\000\040\000E\000m\000a\000i\000l\000?}{chapter.44}% 157
\BOOKMARK [1][]{section.44.2}{\376\377\000P\000a\000r\000t\000s\000\040\000o\000f\000\040\000a\000n\000\040\000E\000m\000a\000i\000l}{chapter.44}% 158
\BOOKMARK [1][]{section.44.3}{\376\377\000E\000m\000a\000i\000l\000\040\000E\000t\000i\000q\000u\000e\000t\000t\000e}{chapter.44}% 159
\BOOKMARK [0][]{chapter.45}{\376\377\000O\000n\000l\000i\000n\000e\000\040\000S\000a\000f\000e\000t\000y\000\040\000a\000n\000d\000\040\000D\000i\000g\000i\000t\000a\000l\000\040\000C\000i\000t\000i\000z\000e\000n\000s\000h\000i\000p}{part.7}% 160
\BOOKMARK [1][]{section.45.1}{\376\377\000W\000h\000a\000t\000\040\000I\000s\000\040\000D\000i\000g\000i\000t\000a\000l\000\040\000C\000i\000t\000i\000z\000e\000n\000s\000h\000i\000p\000?}{chapter.45}% 161
\BOOKMARK [1][]{section.45.2}{\376\377\000S\000t\000a\000y\000i\000n\000g\000\040\000S\000a\000f\000e\000\040\000O\000n\000l\000i\000n\000e}{chapter.45}% 162
\BOOKMARK [1][]{section.45.3}{\376\377\000C\000y\000b\000e\000r\000b\000u\000l\000l\000y\000i\000n\000g}{chapter.45}% 163
\BOOKMARK [0][]{chapter.46}{\376\377\000P\000a\000r\000t\000\040\000V\000I\000I\000\040\040\024\000\040\000H\000a\000n\000d\000s\000-\000O\000n\000\040\000P\000r\000a\000c\000t\000i\000c\000a\000l\000s}{part.7}% 164
\BOOKMARK [-1][]{part.8}{\376\377\000V\000I\000I\000I\000\040\000R\000e\000v\000i\000e\000w\000,\000\040\000P\000r\000o\000j\000e\000c\000t\000s\000,\000\040\000a\000n\000d\000\040\000B\000e\000y\000o\000n\000d}{}% 165
\BOOKMARK [0][]{chapter.47}{\376\377\000R\000e\000v\000i\000s\000i\000o\000n\000\040\040\024\000\040\000C\000o\000m\000p\000u\000t\000e\000r\000\040\000F\000u\000n\000d\000a\000m\000e\000n\000t\000a\000l\000s}{part.8}% 166
\BOOKMARK [1][]{section.47.1}{\376\377\000K\000e\000y\000\040\000C\000o\000n\000c\000e\000p\000t\000s\000\040\000S\000u\000m\000m\000a\000r\000y}{chapter.47}% 167
\BOOKMARK [1][]{section.47.2}{\376\377\000Q\000u\000i\000c\000k\000-\000F\000i\000r\000e\000\040\000R\000e\000v\000i\000s\000i\000o\000n}{chapter.47}% 168
\BOOKMARK [0][]{chapter.48}{\376\377\000R\000e\000v\000i\000s\000i\000o\000n\000\040\040\024\000\040\000M\000S\000\040\000O\000f\000f\000i\000c\000e\000\040\000a\000n\000d\000\040\000I\000n\000t\000e\000r\000n\000e\000t}{part.8}% 169
\BOOKMARK [1][]{section.48.1}{\376\377\000M\000S\000\040\000O\000f\000f\000i\000c\000e\000\040\000Q\000u\000i\000c\000k\000\040\000C\000o\000m\000p\000a\000r\000i\000s\000o\000n}{chapter.48}% 170
\BOOKMARK [1][]{section.48.2}{\376\377\000M\000S\000\040\000W\000o\000r\000d\000\040\000R\000e\000v\000i\000s\000i\000o\000n}{chapter.48}% 171
\BOOKMARK [1][]{section.48.3}{\376\377\000M\000S\000\040\000E\000x\000c\000e\000l\000\040\000R\000e\000v\000i\000s\000i\000o\000n}{chapter.48}% 172
\BOOKMARK [1][]{section.48.4}{\376\377\000M\000S\000\040\000P\000o\000w\000e\000r\000P\000o\000i\000n\000t\000\040\000R\000e\000v\000i\000s\000i\000o\000n}{chapter.48}% 173
\BOOKMARK [1][]{section.48.5}{\376\377\000I\000n\000t\000e\000r\000n\000e\000t\000\040\000\046\000\040\000S\000a\000f\000e\000t\000y\000\040\000R\000e\000v\000i\000s\000i\000o\000n}{chapter.48}% 174
\BOOKMARK [0][]{chapter.49}{\376\377\000C\000r\000o\000s\000s\000-\000M\000o\000d\000u\000l\000e\000\040\000P\000r\000o\000j\000e\000c\000t\000s}{part.8}% 175
\BOOKMARK [1][]{section.49.1}{\376\377\000P\000r\000o\000j\000e\000c\000t\000\040\0001\000:\000\040\000M\000y\000\040\000D\000i\000g\000i\000t\000a\000l\000\040\000P\000o\000r\000t\000f\000o\000l\000i\000o}{chapter.49}% 176
\BOOKMARK [1][]{section.49.2}{\376\377\000P\000r\000o\000j\000e\000c\000t\000\040\0002\000:\000\040\000S\000c\000h\000o\000o\000l\000\040\000E\000v\000e\000n\000t\000\040\000P\000l\000a\000n\000n\000e\000r}{chapter.49}% 177
\BOOKMARK [1][]{section.49.3}{\376\377\000P\000r\000o\000j\000e\000c\000t\000\040\0003\000:\000\040\000T\000e\000c\000h\000n\000o\000l\000o\000g\000y\000\040\000R\000e\000s\000e\000a\000r\000c\000h\000\040\000R\000e\000p\000o\000r\000t}{chapter.49}% 178
\BOOKMARK [0][]{chapter.50}{\376\377\000T\000h\000e\000\040\000F\000u\000t\000u\000r\000e\000\040\000o\000f\000\040\000T\000e\000c\000h\000n\000o\000l\000o\000g\000y}{part.8}% 179
\BOOKMARK [1][]{section.50.1}{\376\377\000E\000m\000e\000r\000g\000i\000n\000g\000\040\000T\000e\000c\000h\000n\000o\000l\000o\000g\000i\000e\000s}{chapter.50}% 180
\BOOKMARK [1][]{section.50.2}{\376\377\000A\000r\000t\000i\000f\000i\000c\000i\000a\000l\000\040\000I\000n\000t\000e\000l\000l\000i\000g\000e\000n\000c\000e\000\040\000\050\000A\000I\000\051}{chapter.50}% 181
\BOOKMARK [1][]{section.50.3}{\376\377\000I\000n\000t\000e\000r\000n\000e\000t\000\040\000o\000f\000\040\000T\000h\000i\000n\000g\000s\000\040\000\050\000I\000o\000T\000\051}{chapter.50}% 182
\BOOKMARK [1][]{section.50.4}{\376\377\000Y\000o\000u\000r\000\040\000J\000o\000u\000r\000n\000e\000y\000\040\000C\000o\000n\000t\000i\000n\000u\000e\000s\000!}{chapter.50}% 183
\BOOKMARK [0][]{section*.77}{\376\377\000G\000l\000o\000s\000s\000a\000r\000y}{part.8}% 184
\BOOKMARK [0][]{section*.79}{\376\377\000I\000n\000d\000e\000x}{part.8}% 185
